2020-04-16 20:29:37,676 [Worker-5] INFO  o.e.b.c.i.u.g.PublishedGradleVersions - Gradle version information cache is out-of-date. Trying to update.
2020-04-16 20:37:29,149 [Worker-1] INFO  o.e.b.c.i.u.g.PublishedGradleVersions - Gradle version information cache is up-to-date. Trying to read.
2020-04-16 20:43:21,142 [Worker-13] INFO  o.e.m.c.i.l.LifecycleMappingFactory - Using org.eclipse.m2e.jdt.JarLifecycleMapping lifecycle mapping for MavenProject: Boots_Automation:Boots_Automation:0.0.1-SNAPSHOT @ C:\Users\arahate\git\BOOTS_AUTOMATION\pom.xml.
2020-04-16 20:44:35,366 [Worker-13] INFO  o.e.m.c.i.embedder.EclipseLogger - Using 'UTF-8' encoding to copy filtered resources.
2020-04-16 20:44:35,560 [Worker-13] INFO  o.e.m.c.i.embedder.EclipseLogger - Copying 4 resources
2020-04-16 20:44:35,658 [Worker-13] INFO  o.e.m.c.i.embedder.EclipseLogger - Using 'UTF-8' encoding to copy filtered resources.
2020-04-16 20:44:35,658 [Worker-13] INFO  o.e.m.c.i.embedder.EclipseLogger - skip non existing resourceDirectory C:\Users\arahate\git\BOOTS_AUTOMATION\src\test\resources
2020-04-16 20:44:48,261 [Worker-7] INFO  o.e.m.c.i.embedder.EclipseLogger - Using 'UTF-8' encoding to copy filtered resources.
2020-04-16 20:44:48,272 [Worker-7] INFO  o.e.m.c.i.embedder.EclipseLogger - Copying 4 resources
2020-04-16 20:44:48,299 [Worker-7] INFO  o.e.m.c.i.embedder.EclipseLogger - Using 'UTF-8' encoding to copy filtered resources.
2020-04-16 20:44:48,300 [Worker-7] INFO  o.e.m.c.i.embedder.EclipseLogger - skip non existing resourceDirectory C:\Users\arahate\git\BOOTS_AUTOMATION\src\test\resources
2020-04-16 22:33:10,695 [Worker-0] INFO  o.e.b.c.i.u.g.PublishedGradleVersions - Gradle version information cache is up-to-date. Trying to read.
2020-04-16 22:33:41,340 [Worker-1] INFO  o.e.m.c.i.l.LifecycleMappingFactory - Using org.eclipse.m2e.jdt.JarLifecycleMapping lifecycle mapping for MavenProject: Boots_Automation:Boots_Automation:0.0.1-SNAPSHOT @ C:\Users\arahate\git\BOOTS_AUTOMATION\pom.xml.
2020-04-16 22:33:58,303 [Worker-2] INFO  o.e.m.c.i.embedder.EclipseLogger - Using 'UTF-8' encoding to copy filtered resources.
2020-04-16 22:33:58,312 [Worker-2] INFO  o.e.m.c.i.embedder.EclipseLogger - Copying 4 resources
2020-04-16 22:33:58,348 [Worker-2] INFO  o.e.m.c.i.embedder.EclipseLogger - Using 'UTF-8' encoding to copy filtered resources.
2020-04-16 22:33:58,349 [Worker-2] INFO  o.e.m.c.i.embedder.EclipseLogger - skip non existing resourceDirectory C:\Users\arahate\git\BOOTS_AUTOMATION\src\test\resources
2020-04-16 22:40:58,639 [Worker-20] INFO  o.e.m.c.i.embedder.EclipseLogger - Using 'UTF-8' encoding to copy filtered resources.
2020-04-16 22:40:58,766 [Worker-20] INFO  o.e.m.c.i.embedder.EclipseLogger - Copying 4 resources
2020-04-16 22:40:58,777 [Worker-20] INFO  o.e.m.c.i.embedder.EclipseLogger - Using 'UTF-8' encoding to copy filtered resources.
2020-04-16 22:40:58,778 [Worker-20] INFO  o.e.m.c.i.embedder.EclipseLogger - skip non existing resourceDirectory C:\Users\arahate\git\BOOTS_AUTOMATION\src\test\resources
2020-04-16 22:44:22,414 [Worker-17] INFO  o.e.m.c.i.embedder.EclipseLogger - Using 'UTF-8' encoding to copy filtered resources.
2020-04-16 22:44:22,416 [Worker-17] INFO  o.e.m.c.i.embedder.EclipseLogger - Copying 0 resource
2020-04-16 22:44:22,420 [Worker-17] INFO  o.e.m.c.i.embedder.EclipseLogger - Using 'UTF-8' encoding to copy filtered resources.
2020-04-16 22:44:22,421 [Worker-17] INFO  o.e.m.c.i.embedder.EclipseLogger - skip non existing resourceDirectory C:\Users\arahate\git\BOOTS_AUTOMATION\src\test\resources
2020-04-16 22:44:52,551 [Worker-10] INFO  o.e.m.c.i.embedder.EclipseLogger - Using 'UTF-8' encoding to copy filtered resources.
2020-04-16 22:44:52,553 [Worker-10] INFO  o.e.m.c.i.embedder.EclipseLogger - Copying 0 resource
2020-04-16 22:44:52,558 [Worker-10] INFO  o.e.m.c.i.embedder.EclipseLogger - Using 'UTF-8' encoding to copy filtered resources.
2020-04-16 22:44:52,558 [Worker-10] INFO  o.e.m.c.i.embedder.EclipseLogger - skip non existing resourceDirectory C:\Users\arahate\git\BOOTS_AUTOMATION\src\test\resources
2020-04-16 22:55:18,430 [Worker-20] INFO  o.e.m.c.i.embedder.EclipseLogger - Using 'UTF-8' encoding to copy filtered resources.
2020-04-16 22:55:18,434 [Worker-20] INFO  o.e.m.c.i.embedder.EclipseLogger - Copying 4 resources
2020-04-16 22:55:18,460 [Worker-20] INFO  o.e.m.c.i.embedder.EclipseLogger - Using 'UTF-8' encoding to copy filtered resources.
2020-04-16 22:55:18,462 [Worker-20] INFO  o.e.m.c.i.embedder.EclipseLogger - skip non existing resourceDirectory C:\Users\arahate\git\BOOTS_AUTOMATION\src\test\resources
2020-04-16 22:56:29,558 [Worker-6] INFO  o.e.m.c.i.embedder.EclipseLogger - Using 'UTF-8' encoding to copy filtered resources.
2020-04-16 22:56:29,559 [Worker-6] INFO  o.e.m.c.i.embedder.EclipseLogger - Copying 0 resource
2020-04-16 22:56:29,604 [Worker-6] INFO  o.e.m.c.i.embedder.EclipseLogger - Using 'UTF-8' encoding to copy filtered resources.
2020-04-16 22:56:29,606 [Worker-6] INFO  o.e.m.c.i.embedder.EclipseLogger - skip non existing resourceDirectory C:\Users\arahate\git\BOOTS_AUTOMATION\src\test\resources
2020-04-16 22:56:32,284 [Worker-10] INFO  o.e.m.c.i.embedder.EclipseLogger - Using 'UTF-8' encoding to copy filtered resources.
2020-04-16 22:56:32,285 [Worker-10] INFO  o.e.m.c.i.embedder.EclipseLogger - Copying 0 resource
2020-04-16 22:56:32,343 [Worker-10] INFO  o.e.m.c.i.embedder.EclipseLogger - Using 'UTF-8' encoding to copy filtered resources.
2020-04-16 22:56:32,346 [Worker-10] INFO  o.e.m.c.i.embedder.EclipseLogger - skip non existing resourceDirectory C:\Users\arahate\git\BOOTS_AUTOMATION\src\test\resources
2020-04-16 23:04:21,182 [Worker-6] INFO  o.e.m.c.i.p.ProjectConfigurationManager - Collecting project info '/pom.xml' D:\Akshaya\General\Other\Selenium Projects\Automated Testing With Selenium\Tp1\pom.xml
2020-04-16 23:04:21,905 [Worker-6] INFO  o.e.m.c.i.l.LifecycleMappingFactory - Using org.eclipse.m2e.jdt.JarLifecycleMapping lifecycle mapping for MavenProject: Tp1:Tp1:0.0.1-SNAPSHOT @ D:\Akshaya\General\Other\Selenium Projects\Automated Testing With Selenium\Tp1\pom.xml.
2020-04-16 23:04:23,344 [Worker-6] INFO  o.e.m.j.i.AbstractJavaProjectConfigurator - Adding source folder /Tp1/src/main/java
2020-04-16 23:04:23,450 [Worker-6] INFO  o.e.m.j.i.AbstractJavaProjectConfigurator - Adding source folder /Tp1/src/test/java
2020-04-16 23:04:24,894 [Worker-6] INFO  o.e.m.c.i.p.ProjectConfigurationManager - Imported and configured 1 project(s) in 3 sec
2020-04-16 23:04:26,079 [Worker-10] INFO  o.e.m.c.i.embedder.EclipseLogger - Using 'UTF-8' encoding to copy filtered resources.
2020-04-16 23:04:26,089 [Worker-10] INFO  o.e.m.c.i.embedder.EclipseLogger - skip non existing resourceDirectory D:\Akshaya\General\Other\Selenium Projects\Automated Testing With Selenium\Tp1\src\main\resources
2020-04-16 23:04:26,093 [Worker-10] INFO  o.e.m.c.i.embedder.EclipseLogger - Using 'UTF-8' encoding to copy filtered resources.
2020-04-16 23:04:26,095 [Worker-10] INFO  o.e.m.c.i.embedder.EclipseLogger - skip non existing resourceDirectory D:\Akshaya\General\Other\Selenium Projects\Automated Testing With Selenium\Tp1\src\test\resources
2020-04-16 23:44:35,521 [Worker-32] INFO  o.e.m.c.i.embedder.EclipseLogger - Using 'UTF-8' encoding to copy filtered resources.
2020-04-16 23:44:35,555 [Worker-32] INFO  o.e.m.c.i.embedder.EclipseLogger - Copying 0 resource
2020-04-16 23:44:35,558 [Worker-32] INFO  o.e.m.c.i.embedder.EclipseLogger - Using 'UTF-8' encoding to copy filtered resources.
2020-04-16 23:44:35,559 [Worker-32] INFO  o.e.m.c.i.embedder.EclipseLogger - skip non existing resourceDirectory C:\Users\arahate\git\BOOTS_AUTOMATION\src\test\resources
2020-04-16 23:45:13,347 [Worker-32] INFO  o.e.m.c.i.embedder.EclipseLogger - Using 'UTF-8' encoding to copy filtered resources.
2020-04-16 23:45:13,379 [Worker-32] INFO  o.e.m.c.i.embedder.EclipseLogger - Copying 0 resource
2020-04-16 23:45:13,382 [Worker-32] INFO  o.e.m.c.i.embedder.EclipseLogger - Using 'UTF-8' encoding to copy filtered resources.
2020-04-16 23:45:13,385 [Worker-32] INFO  o.e.m.c.i.embedder.EclipseLogger - skip non existing resourceDirectory C:\Users\arahate\git\BOOTS_AUTOMATION\src\test\resources
2020-04-16 23:45:22,298 [Worker-10] INFO  o.e.m.c.i.embedder.EclipseLogger - Using 'UTF-8' encoding to copy filtered resources.
2020-04-16 23:45:22,325 [Worker-10] INFO  o.e.m.c.i.embedder.EclipseLogger - Copying 0 resource
2020-04-16 23:45:22,366 [Worker-10] INFO  o.e.m.c.i.embedder.EclipseLogger - Using 'UTF-8' encoding to copy filtered resources.
2020-04-16 23:45:22,370 [Worker-10] INFO  o.e.m.c.i.embedder.EclipseLogger - skip non existing resourceDirectory C:\Users\arahate\git\BOOTS_AUTOMATION\src\test\resources
2020-04-16 23:45:42,351 [Worker-27] INFO  o.e.m.c.i.embedder.EclipseLogger - Using 'UTF-8' encoding to copy filtered resources.
2020-04-16 23:45:42,428 [Worker-27] INFO  o.e.m.c.i.embedder.EclipseLogger - Copying 0 resource
2020-04-16 23:45:42,437 [Worker-27] INFO  o.e.m.c.i.embedder.EclipseLogger - Using 'UTF-8' encoding to copy filtered resources.
2020-04-16 23:45:42,440 [Worker-27] INFO  o.e.m.c.i.embedder.EclipseLogger - skip non existing resourceDirectory C:\Users\arahate\git\BOOTS_AUTOMATION\src\test\resources
2020-04-17 11:18:16,979 [Worker-0] INFO  o.e.b.c.i.u.g.PublishedGradleVersions - Gradle version information cache is up-to-date. Trying to read.
2020-04-17 11:20:19,715 [Worker-17] INFO  o.e.m.c.i.embedder.EclipseLogger - Using 'UTF-8' encoding to copy filtered resources.
2020-04-17 11:20:20,019 [Worker-17] INFO  o.e.m.c.i.embedder.EclipseLogger - Copying 4 resources
2020-04-17 11:20:20,139 [Worker-17] INFO  o.e.m.c.i.embedder.EclipseLogger - Using 'UTF-8' encoding to copy filtered resources.
2020-04-17 11:20:20,140 [Worker-17] INFO  o.e.m.c.i.embedder.EclipseLogger - skip non existing resourceDirectory C:\Users\arahate\git\BOOTS_AUTOMATION\src\test\resources
2020-04-17 11:39:20,903 [Worker-7] INFO  o.e.m.c.i.embedder.EclipseLogger - Using 'UTF-8' encoding to copy filtered resources.
2020-04-17 11:39:22,639 [Worker-7] INFO  o.e.m.c.i.embedder.EclipseLogger - Copying 4 resources
2020-04-17 11:39:22,649 [Worker-7] INFO  o.e.m.c.i.embedder.EclipseLogger - Using 'UTF-8' encoding to copy filtered resources.
2020-04-17 11:39:22,650 [Worker-7] INFO  o.e.m.c.i.embedder.EclipseLogger - skip non existing resourceDirectory C:\Users\arahate\git\BOOTS_AUTOMATION\src\test\resources
2020-04-17 11:42:54,926 [Worker-22] INFO  o.e.m.c.i.embedder.EclipseLogger - Using 'UTF-8' encoding to copy filtered resources.
2020-04-17 11:42:54,930 [Worker-22] INFO  o.e.m.c.i.embedder.EclipseLogger - Copying 4 resources
2020-04-17 11:42:54,934 [Worker-22] INFO  o.e.m.c.i.embedder.EclipseLogger - Using 'UTF-8' encoding to copy filtered resources.
2020-04-17 11:42:54,935 [Worker-22] INFO  o.e.m.c.i.embedder.EclipseLogger - skip non existing resourceDirectory C:\Users\arahate\git\BOOTS_AUTOMATION\src\test\resources
2020-04-17 11:43:02,954 [Worker-7] INFO  o.e.m.c.i.embedder.EclipseLogger - Using 'UTF-8' encoding to copy filtered resources.
2020-04-17 11:43:02,958 [Worker-7] INFO  o.e.m.c.i.embedder.EclipseLogger - Copying 4 resources
2020-04-17 11:43:02,965 [Worker-7] INFO  o.e.m.c.i.embedder.EclipseLogger - Using 'UTF-8' encoding to copy filtered resources.
2020-04-17 11:43:03,049 [Worker-7] INFO  o.e.m.c.i.embedder.EclipseLogger - skip non existing resourceDirectory C:\Users\arahate\git\BOOTS_AUTOMATION\src\test\resources
2020-04-17 11:48:31,599 [Worker-7] INFO  o.e.m.c.i.embedder.EclipseLogger - Using 'UTF-8' encoding to copy filtered resources.
2020-04-17 11:48:31,602 [Worker-7] INFO  o.e.m.c.i.embedder.EclipseLogger - Copying 4 resources
2020-04-17 11:48:31,607 [Worker-7] INFO  o.e.m.c.i.embedder.EclipseLogger - Using 'UTF-8' encoding to copy filtered resources.
2020-04-17 11:48:31,687 [Worker-7] INFO  o.e.m.c.i.embedder.EclipseLogger - skip non existing resourceDirectory C:\Users\arahate\git\BOOTS_AUTOMATION\src\test\resources
2020-04-17 11:49:08,474 [Worker-7] INFO  o.e.m.c.i.embedder.EclipseLogger - Using 'UTF-8' encoding to copy filtered resources.
2020-04-17 11:49:08,576 [Worker-7] INFO  o.e.m.c.i.embedder.EclipseLogger - Copying 4 resources
2020-04-17 11:49:08,582 [Worker-7] INFO  o.e.m.c.i.embedder.EclipseLogger - Using 'UTF-8' encoding to copy filtered resources.
2020-04-17 11:49:08,609 [Worker-7] INFO  o.e.m.c.i.embedder.EclipseLogger - skip non existing resourceDirectory C:\Users\arahate\git\BOOTS_AUTOMATION\src\test\resources
2020-04-17 12:04:45,643 [Worker-30] INFO  o.e.m.c.i.embedder.EclipseLogger - Using 'UTF-8' encoding to copy filtered resources.
2020-04-17 12:04:45,674 [Worker-30] INFO  o.e.m.c.i.embedder.EclipseLogger - Copying 4 resources
2020-04-17 12:04:45,681 [Worker-30] INFO  o.e.m.c.i.embedder.EclipseLogger - Using 'UTF-8' encoding to copy filtered resources.
2020-04-17 12:04:45,683 [Worker-30] INFO  o.e.m.c.i.embedder.EclipseLogger - skip non existing resourceDirectory C:\Users\arahate\git\BOOTS_AUTOMATION\src\test\resources
2020-04-17 12:12:14,075 [Worker-32] INFO  o.e.m.c.i.embedder.EclipseLogger - Using 'UTF-8' encoding to copy filtered resources.
2020-04-17 12:12:14,079 [Worker-32] INFO  o.e.m.c.i.embedder.EclipseLogger - Copying 4 resources
2020-04-17 12:12:14,085 [Worker-32] INFO  o.e.m.c.i.embedder.EclipseLogger - Using 'UTF-8' encoding to copy filtered resources.
2020-04-17 12:12:14,173 [Worker-32] INFO  o.e.m.c.i.embedder.EclipseLogger - skip non existing resourceDirectory C:\Users\arahate\git\BOOTS_AUTOMATION\src\test\resources
2020-04-17 12:14:14,490 [Worker-32] INFO  o.e.m.c.i.embedder.EclipseLogger - Using 'UTF-8' encoding to copy filtered resources.
2020-04-17 12:14:14,559 [Worker-32] INFO  o.e.m.c.i.embedder.EclipseLogger - Copying 0 resource
2020-04-17 12:14:14,623 [Worker-32] INFO  o.e.m.c.i.embedder.EclipseLogger - Using 'UTF-8' encoding to copy filtered resources.
2020-04-17 12:14:14,627 [Worker-32] INFO  o.e.m.c.i.embedder.EclipseLogger - skip non existing resourceDirectory C:\Users\arahate\git\BOOTS_AUTOMATION\src\test\resources
2020-04-17 12:16:21,260 [Worker-30] INFO  o.e.m.c.i.embedder.EclipseLogger - Using 'UTF-8' encoding to copy filtered resources.
2020-04-17 12:16:21,261 [Worker-30] INFO  o.e.m.c.i.embedder.EclipseLogger - Copying 0 resource
2020-04-17 12:16:21,264 [Worker-30] INFO  o.e.m.c.i.embedder.EclipseLogger - Using 'UTF-8' encoding to copy filtered resources.
2020-04-17 12:16:21,361 [Worker-30] INFO  o.e.m.c.i.embedder.EclipseLogger - skip non existing resourceDirectory C:\Users\arahate\git\BOOTS_AUTOMATION\src\test\resources
2020-04-17 12:16:30,243 [Worker-32] INFO  o.e.m.c.i.embedder.EclipseLogger - Using 'UTF-8' encoding to copy filtered resources.
2020-04-17 12:16:30,405 [Worker-32] INFO  o.e.m.c.i.embedder.EclipseLogger - Copying 0 resource
2020-04-17 12:16:30,518 [Worker-32] INFO  o.e.m.c.i.embedder.EclipseLogger - Using 'UTF-8' encoding to copy filtered resources.
2020-04-17 12:16:30,652 [Worker-32] INFO  o.e.m.c.i.embedder.EclipseLogger - skip non existing resourceDirectory C:\Users\arahate\git\BOOTS_AUTOMATION\src\test\resources
2020-04-17 12:19:34,121 [Worker-36] INFO  o.e.m.c.i.embedder.EclipseLogger - Using 'UTF-8' encoding to copy filtered resources.
2020-04-17 12:19:34,254 [Worker-36] INFO  o.e.m.c.i.embedder.EclipseLogger - Copying 4 resources
2020-04-17 12:19:34,315 [Worker-36] INFO  o.e.m.c.i.embedder.EclipseLogger - Using 'UTF-8' encoding to copy filtered resources.
2020-04-17 12:19:34,321 [Worker-36] INFO  o.e.m.c.i.embedder.EclipseLogger - skip non existing resourceDirectory C:\Users\arahate\git\BOOTS_AUTOMATION\src\test\resources
2020-04-17 12:24:19,423 [Worker-43] INFO  o.e.m.c.i.embedder.EclipseLogger - Using 'UTF-8' encoding to copy filtered resources.
2020-04-17 12:24:19,577 [Worker-43] INFO  o.e.m.c.i.embedder.EclipseLogger - Copying 4 resources
2020-04-17 12:24:19,583 [Worker-43] INFO  o.e.m.c.i.embedder.EclipseLogger - Using 'UTF-8' encoding to copy filtered resources.
2020-04-17 12:24:19,638 [Worker-43] INFO  o.e.m.c.i.embedder.EclipseLogger - skip non existing resourceDirectory C:\Users\arahate\git\BOOTS_AUTOMATION\src\test\resources
2020-04-17 12:26:17,374 [Worker-44] INFO  o.e.m.c.i.embedder.EclipseLogger - Using 'UTF-8' encoding to copy filtered resources.
2020-04-17 12:26:17,444 [Worker-44] INFO  o.e.m.c.i.embedder.EclipseLogger - Copying 4 resources
2020-04-17 12:26:17,453 [Worker-44] INFO  o.e.m.c.i.embedder.EclipseLogger - Using 'UTF-8' encoding to copy filtered resources.
2020-04-17 12:26:17,528 [Worker-44] INFO  o.e.m.c.i.embedder.EclipseLogger - skip non existing resourceDirectory C:\Users\arahate\git\BOOTS_AUTOMATION\src\test\resources
2020-04-17 12:29:18,240 [Worker-44] INFO  o.e.m.c.i.embedder.EclipseLogger - Using 'UTF-8' encoding to copy filtered resources.
2020-04-17 12:29:18,243 [Worker-44] INFO  o.e.m.c.i.embedder.EclipseLogger - Copying 4 resources
2020-04-17 12:29:18,246 [Worker-44] INFO  o.e.m.c.i.embedder.EclipseLogger - Using 'UTF-8' encoding to copy filtered resources.
2020-04-17 12:29:18,335 [Worker-44] INFO  o.e.m.c.i.embedder.EclipseLogger - skip non existing resourceDirectory C:\Users\arahate\git\BOOTS_AUTOMATION\src\test\resources
2020-04-17 12:32:59,343 [Worker-49] INFO  o.e.m.c.i.embedder.EclipseLogger - Using 'UTF-8' encoding to copy filtered resources.
2020-04-17 12:32:59,418 [Worker-49] INFO  o.e.m.c.i.embedder.EclipseLogger - Copying 4 resources
2020-04-17 12:32:59,578 [Worker-49] INFO  o.e.m.c.i.embedder.EclipseLogger - Using 'UTF-8' encoding to copy filtered resources.
2020-04-17 12:32:59,636 [Worker-49] INFO  o.e.m.c.i.embedder.EclipseLogger - skip non existing resourceDirectory C:\Users\arahate\git\BOOTS_AUTOMATION\src\test\resources
2020-04-17 12:33:05,932 [Worker-50] INFO  o.e.m.c.i.embedder.EclipseLogger - Using 'UTF-8' encoding to copy filtered resources.
2020-04-17 12:33:06,030 [Worker-50] INFO  o.e.m.c.i.embedder.EclipseLogger - Copying 4 resources
2020-04-17 12:33:06,093 [Worker-50] INFO  o.e.m.c.i.embedder.EclipseLogger - Using 'UTF-8' encoding to copy filtered resources.
2020-04-17 12:33:06,131 [Worker-50] INFO  o.e.m.c.i.embedder.EclipseLogger - skip non existing resourceDirectory C:\Users\arahate\git\BOOTS_AUTOMATION\src\test\resources
2020-04-17 12:33:49,616 [Worker-44] INFO  o.e.m.c.i.embedder.EclipseLogger - Using 'UTF-8' encoding to copy filtered resources.
2020-04-17 12:33:49,620 [Worker-44] INFO  o.e.m.c.i.embedder.EclipseLogger - Copying 4 resources
2020-04-17 12:33:49,624 [Worker-44] INFO  o.e.m.c.i.embedder.EclipseLogger - Using 'UTF-8' encoding to copy filtered resources.
2020-04-17 12:33:49,726 [Worker-44] INFO  o.e.m.c.i.embedder.EclipseLogger - skip non existing resourceDirectory C:\Users\arahate\git\BOOTS_AUTOMATION\src\test\resources
2020-04-17 12:34:24,827 [Worker-47] INFO  o.e.m.c.i.embedder.EclipseLogger - Using 'UTF-8' encoding to copy filtered resources.
2020-04-17 12:34:24,959 [Worker-47] INFO  o.e.m.c.i.embedder.EclipseLogger - Copying 4 resources
2020-04-17 12:34:25,013 [Worker-47] INFO  o.e.m.c.i.embedder.EclipseLogger - Using 'UTF-8' encoding to copy filtered resources.
2020-04-17 12:34:25,068 [Worker-47] INFO  o.e.m.c.i.embedder.EclipseLogger - skip non existing resourceDirectory C:\Users\arahate\git\BOOTS_AUTOMATION\src\test\resources
2020-04-17 12:34:58,332 [Worker-43] INFO  o.e.m.c.i.embedder.EclipseLogger - Using 'UTF-8' encoding to copy filtered resources.
2020-04-17 12:34:58,457 [Worker-43] INFO  o.e.m.c.i.embedder.EclipseLogger - Copying 4 resources
2020-04-17 12:34:58,514 [Worker-43] INFO  o.e.m.c.i.embedder.EclipseLogger - Using 'UTF-8' encoding to copy filtered resources.
2020-04-17 12:34:58,515 [Worker-43] INFO  o.e.m.c.i.embedder.EclipseLogger - skip non existing resourceDirectory C:\Users\arahate\git\BOOTS_AUTOMATION\src\test\resources
2020-04-17 12:35:21,966 [Worker-47] INFO  o.e.m.c.i.embedder.EclipseLogger - Using 'UTF-8' encoding to copy filtered resources.
2020-04-17 12:35:22,076 [Worker-47] INFO  o.e.m.c.i.embedder.EclipseLogger - Copying 4 resources
2020-04-17 12:35:22,125 [Worker-47] INFO  o.e.m.c.i.embedder.EclipseLogger - Using 'UTF-8' encoding to copy filtered resources.
2020-04-17 12:35:22,167 [Worker-47] INFO  o.e.m.c.i.embedder.EclipseLogger - skip non existing resourceDirectory C:\Users\arahate\git\BOOTS_AUTOMATION\src\test\resources
2020-04-17 12:35:45,970 [Worker-43] INFO  o.e.m.c.i.embedder.EclipseLogger - Using 'UTF-8' encoding to copy filtered resources.
2020-04-17 12:35:46,117 [Worker-43] INFO  o.e.m.c.i.embedder.EclipseLogger - Copying 4 resources
2020-04-17 12:35:46,185 [Worker-43] INFO  o.e.m.c.i.embedder.EclipseLogger - Using 'UTF-8' encoding to copy filtered resources.
2020-04-17 12:35:46,240 [Worker-43] INFO  o.e.m.c.i.embedder.EclipseLogger - skip non existing resourceDirectory C:\Users\arahate\git\BOOTS_AUTOMATION\src\test\resources
2020-04-17 12:37:03,049 [Worker-43] INFO  o.e.m.c.i.embedder.EclipseLogger - Using 'UTF-8' encoding to copy filtered resources.
2020-04-17 12:37:03,186 [Worker-43] INFO  o.e.m.c.i.embedder.EclipseLogger - Copying 4 resources
2020-04-17 12:37:03,238 [Worker-43] INFO  o.e.m.c.i.embedder.EclipseLogger - Using 'UTF-8' encoding to copy filtered resources.
2020-04-17 12:37:03,242 [Worker-43] INFO  o.e.m.c.i.embedder.EclipseLogger - skip non existing resourceDirectory C:\Users\arahate\git\BOOTS_AUTOMATION\src\test\resources
2020-04-17 12:37:07,601 [Worker-49] INFO  o.e.m.c.i.embedder.EclipseLogger - Using 'UTF-8' encoding to copy filtered resources.
2020-04-17 12:37:07,688 [Worker-49] INFO  o.e.m.c.i.embedder.EclipseLogger - Copying 4 resources
2020-04-17 12:37:07,739 [Worker-49] INFO  o.e.m.c.i.embedder.EclipseLogger - Using 'UTF-8' encoding to copy filtered resources.
2020-04-17 12:37:07,743 [Worker-49] INFO  o.e.m.c.i.embedder.EclipseLogger - skip non existing resourceDirectory C:\Users\arahate\git\BOOTS_AUTOMATION\src\test\resources
2020-04-17 12:37:11,171 [Worker-43] INFO  o.e.m.c.i.embedder.EclipseLogger - Using 'UTF-8' encoding to copy filtered resources.
2020-04-17 12:37:11,174 [Worker-43] INFO  o.e.m.c.i.embedder.EclipseLogger - Copying 4 resources
2020-04-17 12:37:11,178 [Worker-43] INFO  o.e.m.c.i.embedder.EclipseLogger - Using 'UTF-8' encoding to copy filtered resources.
2020-04-17 12:37:11,223 [Worker-43] INFO  o.e.m.c.i.embedder.EclipseLogger - skip non existing resourceDirectory C:\Users\arahate\git\BOOTS_AUTOMATION\src\test\resources
2020-04-17 12:41:23,504 [Worker-51] INFO  o.e.m.c.i.embedder.EclipseLogger - Using 'UTF-8' encoding to copy filtered resources.
2020-04-17 12:41:23,562 [Worker-51] INFO  o.e.m.c.i.embedder.EclipseLogger - Copying 4 resources
2020-04-17 12:41:23,612 [Worker-51] INFO  o.e.m.c.i.embedder.EclipseLogger - Using 'UTF-8' encoding to copy filtered resources.
2020-04-17 12:41:23,614 [Worker-51] INFO  o.e.m.c.i.embedder.EclipseLogger - skip non existing resourceDirectory C:\Users\arahate\git\BOOTS_AUTOMATION\src\test\resources
2020-04-17 12:41:37,479 [Worker-50] INFO  o.e.m.c.i.embedder.EclipseLogger - Using 'UTF-8' encoding to copy filtered resources.
2020-04-17 12:41:37,483 [Worker-50] INFO  o.e.m.c.i.embedder.EclipseLogger - Copying 4 resources
2020-04-17 12:41:37,488 [Worker-50] INFO  o.e.m.c.i.embedder.EclipseLogger - Using 'UTF-8' encoding to copy filtered resources.
2020-04-17 12:41:37,571 [Worker-50] INFO  o.e.m.c.i.embedder.EclipseLogger - skip non existing resourceDirectory C:\Users\arahate\git\BOOTS_AUTOMATION\src\test\resources
2020-04-17 12:43:32,924 [Worker-47] INFO  o.e.m.c.i.embedder.EclipseLogger - Using 'UTF-8' encoding to copy filtered resources.
2020-04-17 12:43:32,982 [Worker-47] INFO  o.e.m.c.i.embedder.EclipseLogger - Copying 4 resources
2020-04-17 12:43:33,025 [Worker-47] INFO  o.e.m.c.i.embedder.EclipseLogger - Using 'UTF-8' encoding to copy filtered resources.
2020-04-17 12:43:33,074 [Worker-47] INFO  o.e.m.c.i.embedder.EclipseLogger - skip non existing resourceDirectory C:\Users\arahate\git\BOOTS_AUTOMATION\src\test\resources
2020-04-17 12:44:41,271 [Worker-54] INFO  o.e.m.c.i.embedder.EclipseLogger - Using 'UTF-8' encoding to copy filtered resources.
2020-04-17 12:44:41,274 [Worker-54] INFO  o.e.m.c.i.embedder.EclipseLogger - Copying 4 resources
2020-04-17 12:44:41,277 [Worker-54] INFO  o.e.m.c.i.embedder.EclipseLogger - Using 'UTF-8' encoding to copy filtered resources.
2020-04-17 12:44:41,363 [Worker-54] INFO  o.e.m.c.i.embedder.EclipseLogger - skip non existing resourceDirectory C:\Users\arahate\git\BOOTS_AUTOMATION\src\test\resources
2020-04-17 12:44:51,318 [Worker-54] INFO  o.e.m.c.i.embedder.EclipseLogger - Using 'UTF-8' encoding to copy filtered resources.
2020-04-17 12:44:51,473 [Worker-54] INFO  o.e.m.c.i.embedder.EclipseLogger - Copying 4 resources
2020-04-17 12:44:51,577 [Worker-54] INFO  o.e.m.c.i.embedder.EclipseLogger - Using 'UTF-8' encoding to copy filtered resources.
2020-04-17 12:44:51,696 [Worker-54] INFO  o.e.m.c.i.embedder.EclipseLogger - skip non existing resourceDirectory C:\Users\arahate\git\BOOTS_AUTOMATION\src\test\resources
2020-04-17 12:46:42,038 [Worker-59] INFO  o.e.m.c.i.embedder.EclipseLogger - Using 'UTF-8' encoding to copy filtered resources.
2020-04-17 12:46:42,280 [Worker-59] INFO  o.e.m.c.i.embedder.EclipseLogger - Copying 4 resources
2020-04-17 12:46:42,317 [Worker-59] INFO  o.e.m.c.i.embedder.EclipseLogger - Using 'UTF-8' encoding to copy filtered resources.
2020-04-17 12:46:42,390 [Worker-59] INFO  o.e.m.c.i.embedder.EclipseLogger - skip non existing resourceDirectory C:\Users\arahate\git\BOOTS_AUTOMATION\src\test\resources
2020-04-17 12:52:01,424 [Worker-57] INFO  o.e.m.c.i.embedder.EclipseLogger - Using 'UTF-8' encoding to copy filtered resources.
2020-04-17 12:52:01,530 [Worker-57] INFO  o.e.m.c.i.embedder.EclipseLogger - Copying 0 resource
2020-04-17 12:52:01,580 [Worker-57] INFO  o.e.m.c.i.embedder.EclipseLogger - Using 'UTF-8' encoding to copy filtered resources.
2020-04-17 12:52:01,582 [Worker-57] INFO  o.e.m.c.i.embedder.EclipseLogger - skip non existing resourceDirectory C:\Users\arahate\git\BOOTS_AUTOMATION\src\test\resources
2020-04-17 12:52:09,731 [Worker-43] INFO  o.e.m.c.i.embedder.EclipseLogger - Using 'UTF-8' encoding to copy filtered resources.
2020-04-17 12:52:09,770 [Worker-43] INFO  o.e.m.c.i.embedder.EclipseLogger - Copying 0 resource
2020-04-17 12:52:09,825 [Worker-43] INFO  o.e.m.c.i.embedder.EclipseLogger - Using 'UTF-8' encoding to copy filtered resources.
2020-04-17 12:52:09,828 [Worker-43] INFO  o.e.m.c.i.embedder.EclipseLogger - skip non existing resourceDirectory C:\Users\arahate\git\BOOTS_AUTOMATION\src\test\resources
2020-04-17 12:53:22,692 [Worker-60] INFO  o.e.m.c.i.embedder.EclipseLogger - Using 'UTF-8' encoding to copy filtered resources.
2020-04-17 12:53:22,696 [Worker-60] INFO  o.e.m.c.i.embedder.EclipseLogger - Copying 4 resources
2020-04-17 12:53:22,701 [Worker-60] INFO  o.e.m.c.i.embedder.EclipseLogger - Using 'UTF-8' encoding to copy filtered resources.
2020-04-17 12:53:22,804 [Worker-60] INFO  o.e.m.c.i.embedder.EclipseLogger - skip non existing resourceDirectory C:\Users\arahate\git\BOOTS_AUTOMATION\src\test\resources
2020-04-17 12:55:26,957 [Worker-64] INFO  o.e.m.c.i.embedder.EclipseLogger - Using 'UTF-8' encoding to copy filtered resources.
2020-04-17 12:55:27,090 [Worker-64] INFO  o.e.m.c.i.embedder.EclipseLogger - Copying 4 resources
2020-04-17 12:55:27,178 [Worker-64] INFO  o.e.m.c.i.embedder.EclipseLogger - Using 'UTF-8' encoding to copy filtered resources.
2020-04-17 12:55:27,182 [Worker-64] INFO  o.e.m.c.i.embedder.EclipseLogger - skip non existing resourceDirectory C:\Users\arahate\git\BOOTS_AUTOMATION\src\test\resources
2020-04-17 12:55:28,726 [Worker-66] INFO  o.e.m.c.i.embedder.EclipseLogger - Using 'UTF-8' encoding to copy filtered resources.
2020-04-17 12:55:28,745 [Worker-66] INFO  o.e.m.c.i.embedder.EclipseLogger - Copying 4 resources
2020-04-17 12:55:28,764 [Worker-66] INFO  o.e.m.c.i.embedder.EclipseLogger - Using 'UTF-8' encoding to copy filtered resources.
2020-04-17 12:55:28,772 [Worker-66] INFO  o.e.m.c.i.embedder.EclipseLogger - skip non existing resourceDirectory C:\Users\arahate\git\BOOTS_AUTOMATION\src\test\resources
2020-04-17 12:59:39,066 [Worker-43] INFO  o.e.m.c.i.embedder.EclipseLogger - Using 'UTF-8' encoding to copy filtered resources.
2020-04-17 12:59:39,066 [Worker-43] INFO  o.e.m.c.i.embedder.EclipseLogger - Copying 0 resource
2020-04-17 12:59:39,067 [Worker-43] INFO  o.e.m.c.i.embedder.EclipseLogger - Using 'UTF-8' encoding to copy filtered resources.
2020-04-17 12:59:39,146 [Worker-43] INFO  o.e.m.c.i.embedder.EclipseLogger - skip non existing resourceDirectory C:\Users\arahate\git\BOOTS_AUTOMATION\src\test\resources
2020-04-17 12:59:42,773 [Worker-43] INFO  o.e.m.c.i.embedder.EclipseLogger - Using 'UTF-8' encoding to copy filtered resources.
2020-04-17 12:59:42,788 [Worker-43] INFO  o.e.m.c.i.embedder.EclipseLogger - Copying 0 resource
2020-04-17 12:59:42,847 [Worker-43] INFO  o.e.m.c.i.embedder.EclipseLogger - Using 'UTF-8' encoding to copy filtered resources.
2020-04-17 12:59:42,850 [Worker-43] INFO  o.e.m.c.i.embedder.EclipseLogger - skip non existing resourceDirectory C:\Users\arahate\git\BOOTS_AUTOMATION\src\test\resources
2020-04-17 12:59:46,351 [Worker-60] INFO  o.e.m.c.i.embedder.EclipseLogger - Using 'UTF-8' encoding to copy filtered resources.
2020-04-17 12:59:46,352 [Worker-60] INFO  o.e.m.c.i.embedder.EclipseLogger - Copying 0 resource
2020-04-17 12:59:46,353 [Worker-60] INFO  o.e.m.c.i.embedder.EclipseLogger - Using 'UTF-8' encoding to copy filtered resources.
2020-04-17 12:59:46,360 [Worker-60] INFO  o.e.m.c.i.embedder.EclipseLogger - skip non existing resourceDirectory C:\Users\arahate\git\BOOTS_AUTOMATION\src\test\resources
2020-04-17 12:59:51,725 [Worker-60] INFO  o.e.m.c.i.embedder.EclipseLogger - Using 'UTF-8' encoding to copy filtered resources.
2020-04-17 12:59:51,841 [Worker-60] INFO  o.e.m.c.i.embedder.EclipseLogger - Copying 0 resource
2020-04-17 12:59:51,890 [Worker-60] INFO  o.e.m.c.i.embedder.EclipseLogger - Using 'UTF-8' encoding to copy filtered resources.
2020-04-17 12:59:51,940 [Worker-60] INFO  o.e.m.c.i.embedder.EclipseLogger - skip non existing resourceDirectory C:\Users\arahate\git\BOOTS_AUTOMATION\src\test\resources
2020-04-17 13:02:03,144 [Worker-65] INFO  o.e.m.c.i.embedder.EclipseLogger - Using 'UTF-8' encoding to copy filtered resources.
2020-04-17 13:02:03,248 [Worker-65] INFO  o.e.m.c.i.embedder.EclipseLogger - Copying 0 resource
2020-04-17 13:02:03,251 [Worker-65] INFO  o.e.m.c.i.embedder.EclipseLogger - Using 'UTF-8' encoding to copy filtered resources.
2020-04-17 13:02:03,253 [Worker-65] INFO  o.e.m.c.i.embedder.EclipseLogger - skip non existing resourceDirectory C:\Users\arahate\git\BOOTS_AUTOMATION\src\test\resources
2020-04-17 13:05:15,611 [Worker-59] INFO  o.e.m.c.i.embedder.EclipseLogger - Using 'UTF-8' encoding to copy filtered resources.
2020-04-17 13:05:15,706 [Worker-59] INFO  o.e.m.c.i.embedder.EclipseLogger - Copying 0 resource
2020-04-17 13:05:15,757 [Worker-59] INFO  o.e.m.c.i.embedder.EclipseLogger - Using 'UTF-8' encoding to copy filtered resources.
2020-04-17 13:05:15,760 [Worker-59] INFO  o.e.m.c.i.embedder.EclipseLogger - skip non existing resourceDirectory C:\Users\arahate\git\BOOTS_AUTOMATION\src\test\resources
2020-04-17 13:05:20,613 [Worker-59] INFO  o.e.m.c.i.embedder.EclipseLogger - Using 'UTF-8' encoding to copy filtered resources.
2020-04-17 13:05:20,614 [Worker-59] INFO  o.e.m.c.i.embedder.EclipseLogger - Copying 0 resource
2020-04-17 13:05:20,615 [Worker-59] INFO  o.e.m.c.i.embedder.EclipseLogger - Using 'UTF-8' encoding to copy filtered resources.
2020-04-17 13:05:20,701 [Worker-59] INFO  o.e.m.c.i.embedder.EclipseLogger - skip non existing resourceDirectory C:\Users\arahate\git\BOOTS_AUTOMATION\src\test\resources
2020-04-17 13:13:11,286 [Worker-68] INFO  o.e.m.c.i.embedder.EclipseLogger - Using 'UTF-8' encoding to copy filtered resources.
2020-04-17 13:13:11,350 [Worker-68] INFO  o.e.m.c.i.embedder.EclipseLogger - Copying 0 resource
2020-04-17 13:13:11,354 [Worker-68] INFO  o.e.m.c.i.embedder.EclipseLogger - Using 'UTF-8' encoding to copy filtered resources.
2020-04-17 13:13:11,355 [Worker-68] INFO  o.e.m.c.i.embedder.EclipseLogger - skip non existing resourceDirectory C:\Users\arahate\git\BOOTS_AUTOMATION\src\test\resources
2020-04-17 13:16:09,691 [Worker-70] INFO  o.e.m.c.i.embedder.EclipseLogger - Using 'UTF-8' encoding to copy filtered resources.
2020-04-17 13:16:09,692 [Worker-70] INFO  o.e.m.c.i.embedder.EclipseLogger - Copying 0 resource
2020-04-17 13:16:09,693 [Worker-70] INFO  o.e.m.c.i.embedder.EclipseLogger - Using 'UTF-8' encoding to copy filtered resources.
2020-04-17 13:16:09,785 [Worker-70] INFO  o.e.m.c.i.embedder.EclipseLogger - skip non existing resourceDirectory C:\Users\arahate\git\BOOTS_AUTOMATION\src\test\resources
2020-04-17 13:16:11,904 [Worker-67] INFO  o.e.m.c.i.embedder.EclipseLogger - Using 'UTF-8' encoding to copy filtered resources.
2020-04-17 13:16:12,021 [Worker-67] INFO  o.e.m.c.i.embedder.EclipseLogger - Copying 0 resource
2020-04-17 13:16:12,111 [Worker-67] INFO  o.e.m.c.i.embedder.EclipseLogger - Using 'UTF-8' encoding to copy filtered resources.
2020-04-17 13:16:12,112 [Worker-67] INFO  o.e.m.c.i.embedder.EclipseLogger - skip non existing resourceDirectory C:\Users\arahate\git\BOOTS_AUTOMATION\src\test\resources
2020-04-17 13:16:14,451 [Worker-70] INFO  o.e.m.c.i.embedder.EclipseLogger - Using 'UTF-8' encoding to copy filtered resources.
2020-04-17 13:16:14,568 [Worker-70] INFO  o.e.m.c.i.embedder.EclipseLogger - Copying 0 resource
2020-04-17 13:16:14,627 [Worker-70] INFO  o.e.m.c.i.embedder.EclipseLogger - Using 'UTF-8' encoding to copy filtered resources.
2020-04-17 13:16:14,704 [Worker-70] INFO  o.e.m.c.i.embedder.EclipseLogger - skip non existing resourceDirectory C:\Users\arahate\git\BOOTS_AUTOMATION\src\test\resources
2020-04-17 13:27:55,478 [Worker-71] INFO  o.e.m.c.i.embedder.EclipseLogger - Using 'UTF-8' encoding to copy filtered resources.
2020-04-17 13:27:55,586 [Worker-71] INFO  o.e.m.c.i.embedder.EclipseLogger - Copying 0 resource
2020-04-17 13:27:55,639 [Worker-71] INFO  o.e.m.c.i.embedder.EclipseLogger - Using 'UTF-8' encoding to copy filtered resources.
2020-04-17 13:27:55,641 [Worker-71] INFO  o.e.m.c.i.embedder.EclipseLogger - skip non existing resourceDirectory C:\Users\arahate\git\BOOTS_AUTOMATION\src\test\resources
2020-04-17 13:34:58,069 [Worker-81] INFO  o.e.m.c.i.embedder.EclipseLogger - Using 'UTF-8' encoding to copy filtered resources.
2020-04-17 13:34:58,173 [Worker-81] INFO  o.e.m.c.i.embedder.EclipseLogger - Copying 0 resource
2020-04-17 13:34:58,248 [Worker-81] INFO  o.e.m.c.i.embedder.EclipseLogger - Using 'UTF-8' encoding to copy filtered resources.
2020-04-17 13:34:58,250 [Worker-81] INFO  o.e.m.c.i.embedder.EclipseLogger - skip non existing resourceDirectory C:\Users\arahate\git\BOOTS_AUTOMATION\src\test\resources
2020-04-17 13:34:59,917 [Worker-63] INFO  o.e.m.c.i.embedder.EclipseLogger - Using 'UTF-8' encoding to copy filtered resources.
2020-04-17 13:34:59,929 [Worker-63] INFO  o.e.m.c.i.embedder.EclipseLogger - Copying 0 resource
2020-04-17 13:34:59,932 [Worker-63] INFO  o.e.m.c.i.embedder.EclipseLogger - Using 'UTF-8' encoding to copy filtered resources.
2020-04-17 13:34:59,934 [Worker-63] INFO  o.e.m.c.i.embedder.EclipseLogger - skip non existing resourceDirectory C:\Users\arahate\git\BOOTS_AUTOMATION\src\test\resources
2020-04-17 13:35:41,559 [Worker-78] INFO  o.e.m.c.i.embedder.EclipseLogger - Using 'UTF-8' encoding to copy filtered resources.
2020-04-17 13:35:41,560 [Worker-78] INFO  o.e.m.c.i.embedder.EclipseLogger - Copying 0 resource
2020-04-17 13:35:41,561 [Worker-78] INFO  o.e.m.c.i.embedder.EclipseLogger - Using 'UTF-8' encoding to copy filtered resources.
2020-04-17 13:35:41,619 [Worker-78] INFO  o.e.m.c.i.embedder.EclipseLogger - skip non existing resourceDirectory C:\Users\arahate\git\BOOTS_AUTOMATION\src\test\resources
2020-04-17 13:35:47,280 [Worker-81] INFO  o.e.m.c.i.embedder.EclipseLogger - Using 'UTF-8' encoding to copy filtered resources.
2020-04-17 13:35:47,309 [Worker-81] INFO  o.e.m.c.i.embedder.EclipseLogger - Copying 0 resource
2020-04-17 13:35:47,378 [Worker-81] INFO  o.e.m.c.i.embedder.EclipseLogger - Using 'UTF-8' encoding to copy filtered resources.
2020-04-17 13:35:47,379 [Worker-81] INFO  o.e.m.c.i.embedder.EclipseLogger - skip non existing resourceDirectory C:\Users\arahate\git\BOOTS_AUTOMATION\src\test\resources
2020-04-17 13:41:26,357 [Worker-84] INFO  o.e.m.c.i.embedder.EclipseLogger - Using 'UTF-8' encoding to copy filtered resources.
2020-04-17 13:41:26,358 [Worker-84] INFO  o.e.m.c.i.embedder.EclipseLogger - Copying 0 resource
2020-04-17 13:41:26,359 [Worker-84] INFO  o.e.m.c.i.embedder.EclipseLogger - Using 'UTF-8' encoding to copy filtered resources.
2020-04-17 13:41:26,466 [Worker-84] INFO  o.e.m.c.i.embedder.EclipseLogger - skip non existing resourceDirectory C:\Users\arahate\git\BOOTS_AUTOMATION\src\test\resources
2020-04-17 13:41:28,010 [Worker-71] INFO  o.e.m.c.i.embedder.EclipseLogger - Using 'UTF-8' encoding to copy filtered resources.
2020-04-17 13:41:28,042 [Worker-71] INFO  o.e.m.c.i.embedder.EclipseLogger - Copying 0 resource
2020-04-17 13:41:28,166 [Worker-71] INFO  o.e.m.c.i.embedder.EclipseLogger - Using 'UTF-8' encoding to copy filtered resources.
2020-04-17 13:41:28,168 [Worker-71] INFO  o.e.m.c.i.embedder.EclipseLogger - skip non existing resourceDirectory C:\Users\arahate\git\BOOTS_AUTOMATION\src\test\resources
2020-04-17 13:44:44,391 [Worker-71] INFO  o.e.m.c.i.embedder.EclipseLogger - Using 'UTF-8' encoding to copy filtered resources.
2020-04-17 13:44:44,477 [Worker-71] INFO  o.e.m.c.i.embedder.EclipseLogger - Copying 0 resource
2020-04-17 13:44:44,526 [Worker-71] INFO  o.e.m.c.i.embedder.EclipseLogger - Using 'UTF-8' encoding to copy filtered resources.
2020-04-17 13:44:44,529 [Worker-71] INFO  o.e.m.c.i.embedder.EclipseLogger - skip non existing resourceDirectory C:\Users\arahate\git\BOOTS_AUTOMATION\src\test\resources
2020-04-17 13:44:46,602 [Worker-85] INFO  o.e.m.c.i.embedder.EclipseLogger - Using 'UTF-8' encoding to copy filtered resources.
2020-04-17 13:44:46,603 [Worker-85] INFO  o.e.m.c.i.embedder.EclipseLogger - Copying 0 resource
2020-04-17 13:44:46,604 [Worker-85] INFO  o.e.m.c.i.embedder.EclipseLogger - Using 'UTF-8' encoding to copy filtered resources.
2020-04-17 13:44:46,618 [Worker-85] INFO  o.e.m.c.i.embedder.EclipseLogger - skip non existing resourceDirectory C:\Users\arahate\git\BOOTS_AUTOMATION\src\test\resources
2020-04-17 13:50:36,790 [Worker-82] INFO  o.e.m.c.i.embedder.EclipseLogger - Using 'UTF-8' encoding to copy filtered resources.
2020-04-17 13:50:36,872 [Worker-82] INFO  o.e.m.c.i.embedder.EclipseLogger - Copying 0 resource
2020-04-17 13:50:36,874 [Worker-82] INFO  o.e.m.c.i.embedder.EclipseLogger - Using 'UTF-8' encoding to copy filtered resources.
2020-04-17 13:50:36,875 [Worker-82] INFO  o.e.m.c.i.embedder.EclipseLogger - skip non existing resourceDirectory C:\Users\arahate\git\BOOTS_AUTOMATION\src\test\resources
2020-04-17 14:50:57,580 [Worker-107] INFO  o.e.m.c.i.embedder.EclipseLogger - Using 'UTF-8' encoding to copy filtered resources.
2020-04-17 14:50:57,592 [Worker-107] INFO  o.e.m.c.i.embedder.EclipseLogger - Copying 4 resources
2020-04-17 14:50:57,602 [Worker-107] INFO  o.e.m.c.i.embedder.EclipseLogger - Using 'UTF-8' encoding to copy filtered resources.
2020-04-17 14:50:57,608 [Worker-107] INFO  o.e.m.c.i.embedder.EclipseLogger - skip non existing resourceDirectory C:\Users\arahate\git\BOOTS_AUTOMATION\src\test\resources
2020-04-17 14:54:33,116 [Worker-113] INFO  o.e.m.c.i.embedder.EclipseLogger - Using 'UTF-8' encoding to copy filtered resources.
2020-04-17 14:54:33,153 [Worker-113] INFO  o.e.m.c.i.embedder.EclipseLogger - Copying 4 resources
2020-04-17 14:54:33,159 [Worker-113] INFO  o.e.m.c.i.embedder.EclipseLogger - Using 'UTF-8' encoding to copy filtered resources.
2020-04-17 14:54:33,162 [Worker-113] INFO  o.e.m.c.i.embedder.EclipseLogger - skip non existing resourceDirectory C:\Users\arahate\git\BOOTS_AUTOMATION\src\test\resources
2020-04-17 14:56:28,040 [Worker-107] INFO  o.e.m.c.i.embedder.EclipseLogger - Using 'UTF-8' encoding to copy filtered resources.
2020-04-17 14:56:28,041 [Worker-107] INFO  o.e.m.c.i.embedder.EclipseLogger - Copying 0 resource
2020-04-17 14:56:28,043 [Worker-107] INFO  o.e.m.c.i.embedder.EclipseLogger - Using 'UTF-8' encoding to copy filtered resources.
2020-04-17 14:56:28,051 [Worker-107] INFO  o.e.m.c.i.embedder.EclipseLogger - skip non existing resourceDirectory C:\Users\arahate\git\BOOTS_AUTOMATION\src\test\resources
2020-04-17 15:47:25,046 [Worker-122] INFO  o.e.m.c.i.p.ProjectConfigurationManager - Collecting project info '/pom.xml' D:\Akshaya\General\Other\Selenium Projects\Automated Testing With Selenium\Trial1\pom.xml
2020-04-17 15:47:33,688 [Worker-122] INFO  o.e.m.c.i.l.LifecycleMappingFactory - Using org.eclipse.m2e.jdt.JarLifecycleMapping lifecycle mapping for MavenProject: Trial1:Trial1:0.0.1-SNAPSHOT @ D:\Akshaya\General\Other\Selenium Projects\Automated Testing With Selenium\Trial1\pom.xml.
2020-04-17 15:47:36,076 [Worker-122] INFO  o.e.m.j.i.AbstractJavaProjectConfigurator - Adding source folder /Trial1/src/main/java
2020-04-17 15:47:36,139 [Worker-122] INFO  o.e.m.j.i.AbstractJavaProjectConfigurator - Adding source folder /Trial1/src/test/java
2020-04-17 15:47:37,258 [Worker-122] INFO  o.e.m.c.i.p.ProjectConfigurationManager - Imported and configured 1 project(s) in 12 sec
2020-04-17 15:47:38,875 [Worker-122] INFO  o.e.m.c.i.embedder.EclipseLogger - Using 'UTF-8' encoding to copy filtered resources.
2020-04-17 15:47:38,887 [Worker-122] INFO  o.e.m.c.i.embedder.EclipseLogger - skip non existing resourceDirectory D:\Akshaya\General\Other\Selenium Projects\Automated Testing With Selenium\Trial1\src\main\resources
2020-04-17 15:47:38,889 [Worker-122] INFO  o.e.m.c.i.embedder.EclipseLogger - Using 'UTF-8' encoding to copy filtered resources.
2020-04-17 15:47:38,890 [Worker-122] INFO  o.e.m.c.i.embedder.EclipseLogger - skip non existing resourceDirectory D:\Akshaya\General\Other\Selenium Projects\Automated Testing With Selenium\Trial1\src\test\resources
